{"numTotalTestSuites":8,"numPassedTestSuites":3,"numFailedTestSuites":5,"numPendingTestSuites":0,"numTotalTests":11,"numPassedTests":8,"numFailedTests":3,"numPendingTests":0,"numTodoTests":0,"snapshot":{"added":0,"failure":false,"filesAdded":0,"filesRemoved":0,"filesRemovedList":[],"filesUnmatched":0,"filesUpdated":0,"matched":0,"total":0,"unchecked":0,"uncheckedKeysByFile":[],"unmatched":0,"updated":0,"didUpdate":false},"startTime":1769993446252,"success":false,"testResults":[{"assertionResults":[{"ancestorTitles":["extractChains","Edge Cases"],"fullName":"extractChains Edge Cases handles empty input","status":"passed","title":"handles empty input","duration":3.027799999999843,"failureMessages":[],"meta":{}},{"ancestorTitles":["extractChains","Edge Cases"],"fullName":"extractChains Edge Cases handles fewer than 4 points","status":"passed","title":"handles fewer than 4 points","duration":2.2669999999998254,"failureMessages":[],"meta":{}},{"ancestorTitles":["extractChains","Edge Cases"],"fullName":"extractChains Edge Cases handles points at domain boundaries","status":"passed","title":"handles points at domain boundaries","duration":1.128400000000056,"failureMessages":[],"meta":{}},{"ancestorTitles":["extractChains","Deduplication"],"fullName":"extractChains Deduplication removes duplicate points","status":"passed","title":"removes duplicate points","duration":1.1255999999998494,"failureMessages":[],"meta":{}},{"ancestorTitles":["extractChains","Deduplication"],"fullName":"extractChains Deduplication keeps strongest point when deduplicating","status":"passed","title":"keeps strongest point when deduplicating","duration":0.7062999999998283,"failureMessages":[],"meta":{}},{"ancestorTitles":["extractChains","Chain Building"],"fullName":"extractChains Chain Building creates chains from connected features","status":"failed","title":"creates chains from connected features","duration":6.047500000000127,"failureMessages":["AssertionError: expected 0 to be greater than or equal to 1\n    at C:/Users/patij212/Downloads/PotFoundry-Lite-v2.0/potfoundry-web/src/utils/geometry/__tests__/extractChains.test.ts:102:42\n    at file:///C:/Users/patij212/Downloads/PotFoundry-Lite-v2.0/potfoundry-web/node_modules/@vitest/runner/dist/index.js:145:11\n    at file:///C:/Users/patij212/Downloads/PotFoundry-Lite-v2.0/potfoundry-web/node_modules/@vitest/runner/dist/index.js:915:26\n    at file:///C:/Users/patij212/Downloads/PotFoundry-Lite-v2.0/potfoundry-web/node_modules/@vitest/runner/dist/index.js:1243:20\n    at new Promise (<anonymous>)\n    at runWithTimeout (file:///C:/Users/patij212/Downloads/PotFoundry-Lite-v2.0/potfoundry-web/node_modules/@vitest/runner/dist/index.js:1209:10)\n    at file:///C:/Users/patij212/Downloads/PotFoundry-Lite-v2.0/potfoundry-web/node_modules/@vitest/runner/dist/index.js:1653:37\n    at Traces.$ (file:///C:/Users/patij212/Downloads/PotFoundry-Lite-v2.0/potfoundry-web/node_modules/vitest/dist/chunks/traces.CCmnQaNT.js:142:27)\n    at trace (file:///C:/Users/patij212/Downloads/PotFoundry-Lite-v2.0/potfoundry-web/node_modules/vitest/dist/chunks/test.B8ej_ZHS.js:239:21)\n    at runTest (file:///C:/Users/patij212/Downloads/PotFoundry-Lite-v2.0/potfoundry-web/node_modules/@vitest/runner/dist/index.js:1653:12)"],"meta":{}},{"ancestorTitles":["extractChains","Chain Building"],"fullName":"extractChains Chain Building limits maximum number of chains","status":"passed","title":"limits maximum number of chains","duration":5.96349999999984,"failureMessages":[],"meta":{}},{"ancestorTitles":["extractChains","Chain Building"],"fullName":"extractChains Chain Building rejects sharp turns (>90 degrees)","status":"passed","title":"rejects sharp turns (>90 degrees)","duration":0.6635000000001128,"failureMessages":[],"meta":{}},{"ancestorTitles":["extractChains","Simplification"],"fullName":"extractChains Simplification simplifies chains while preserving shape","status":"failed","title":"simplifies chains while preserving shape","duration":5.2849999999998545,"failureMessages":["AssertionError: expected 991 to be less than 50\n    at C:/Users/patij212/Downloads/PotFoundry-Lite-v2.0/potfoundry-web/src/utils/geometry/__tests__/extractChains.test.ts:150:33\n    at file:///C:/Users/patij212/Downloads/PotFoundry-Lite-v2.0/potfoundry-web/node_modules/@vitest/runner/dist/index.js:145:11\n    at file:///C:/Users/patij212/Downloads/PotFoundry-Lite-v2.0/potfoundry-web/node_modules/@vitest/runner/dist/index.js:915:26\n    at file:///C:/Users/patij212/Downloads/PotFoundry-Lite-v2.0/potfoundry-web/node_modules/@vitest/runner/dist/index.js:1243:20\n    at new Promise (<anonymous>)\n    at runWithTimeout (file:///C:/Users/patij212/Downloads/PotFoundry-Lite-v2.0/potfoundry-web/node_modules/@vitest/runner/dist/index.js:1209:10)\n    at file:///C:/Users/patij212/Downloads/PotFoundry-Lite-v2.0/potfoundry-web/node_modules/@vitest/runner/dist/index.js:1653:37\n    at Traces.$ (file:///C:/Users/patij212/Downloads/PotFoundry-Lite-v2.0/potfoundry-web/node_modules/vitest/dist/chunks/traces.CCmnQaNT.js:142:27)\n    at trace (file:///C:/Users/patij212/Downloads/PotFoundry-Lite-v2.0/potfoundry-web/node_modules/vitest/dist/chunks/test.B8ej_ZHS.js:239:21)\n    at runTest (file:///C:/Users/patij212/Downloads/PotFoundry-Lite-v2.0/potfoundry-web/node_modules/@vitest/runner/dist/index.js:1653:12)"],"meta":{}},{"ancestorTitles":["extractChains","Seam Points"],"fullName":"extractChains Seam Points generates correct number of seam points","status":"failed","title":"generates correct number of seam points","duration":5.067700000000059,"failureMessages":["AssertionError: expected 1444 to be 724 // Object.is equality\n    at C:/Users/patij212/Downloads/PotFoundry-Lite-v2.0/potfoundry-web/src/utils/geometry/__tests__/extractChains.test.ts:164:46\n    at file:///C:/Users/patij212/Downloads/PotFoundry-Lite-v2.0/potfoundry-web/node_modules/@vitest/runner/dist/index.js:145:11\n    at file:///C:/Users/patij212/Downloads/PotFoundry-Lite-v2.0/potfoundry-web/node_modules/@vitest/runner/dist/index.js:915:26\n    at file:///C:/Users/patij212/Downloads/PotFoundry-Lite-v2.0/potfoundry-web/node_modules/@vitest/runner/dist/index.js:1243:20\n    at new Promise (<anonymous>)\n    at runWithTimeout (file:///C:/Users/patij212/Downloads/PotFoundry-Lite-v2.0/potfoundry-web/node_modules/@vitest/runner/dist/index.js:1209:10)\n    at file:///C:/Users/patij212/Downloads/PotFoundry-Lite-v2.0/potfoundry-web/node_modules/@vitest/runner/dist/index.js:1653:37\n    at Traces.$ (file:///C:/Users/patij212/Downloads/PotFoundry-Lite-v2.0/potfoundry-web/node_modules/vitest/dist/chunks/traces.CCmnQaNT.js:142:27)\n    at trace (file:///C:/Users/patij212/Downloads/PotFoundry-Lite-v2.0/potfoundry-web/node_modules/vitest/dist/chunks/test.B8ej_ZHS.js:239:21)\n    at runTest (file:///C:/Users/patij212/Downloads/PotFoundry-Lite-v2.0/potfoundry-web/node_modules/@vitest/runner/dist/index.js:1653:12)"],"meta":{}},{"ancestorTitles":["extractChains","Anti-Sawtooth (Inertia & Physical Scaling)"],"fullName":"extractChains Anti-Sawtooth (Inertia & Physical Scaling) should follow a single ridge without jumping to a parallel one","status":"passed","title":"should follow a single ridge without jumping to a parallel one","duration":0.8471999999997024,"failureMessages":[],"meta":{}}],"startTime":1769993448342,"endTime":1769993448375.8472,"status":"failed","message":"","name":"C:/Users/patij212/Downloads/PotFoundry-Lite-v2.0/potfoundry-web/src/utils/geometry/__tests__/extractChains.test.ts"}]}