<?xml version="1.0" encoding="utf-8"?><testsuites name="pytest tests"><testsuite name="pytest" errors="0" failures="0" skipped="0" tests="364" time="38.624" timestamp="2025-11-02T00:15:39.370962+00:00" hostname="runnervmf2e7y"><properties>
[...]
</properties><testcase classname="tests.geometry.test_build_small_mesh" name="test_build_small_mesh_smoke" time="0.002" /><testcase classname="tests.library.test_canonical" name="test_canonical_payload_structure" time="0.001" /><testcase classname="tests.library.test_canonical" name="test_canonical_float_rounding" time="0.000" /><testcase classname="tests.library.test_canonical" name="test_canonical_dict_sorting" time="0.000" /><testcase classname="tests.library.test_canonical" name="test_canonical_nested_sorting" time="0.000" /><testcase classname="tests.library.test_canonical" name="test_content_id_stability" time="0.001" /><testcase classname="tests.library.test_canonical" name="test_content_id_key_order_invariant" time="0.001" /><testcase classname="tests.library.test_canonical" name="test_content_id_different_for_different_data" time="0.001" /><testcase classname="tests.library.test_canonical" name="test_content_id_matches_manual_hash" time="0.000" /><testcase classname="tests.library.test_deeplink" name="test_encode_decode_roundtrip" time="0.000" /><testcase classname="tests.library.test_deeplink" name="test_encode_produces_url_safe_string" time="0.000" /><testcase classname="tests.library.test_deeplink" name="test_decode_invalid_base64_raises" time="0.000" /><testcase classname="tests.library.test_deeplink" name="test_decode_non_dict_raises" time="0.000" /><testcase classname="tests.library.test_deeplink" name="test_validate_state_accepts_valid_params" time="0.000" /><testcase classname="tests.library.test_deeplink" name="test_validate_state_rejects_unknown_keys" time="0.000" /><testcase classname="tests.library.test_deeplink" name="test_validate_state_rejects_out_of_range_values" time="0.000" /><testcase classname="tests.library.test_deeplink" name="test_validate_state_unknown_style" time="0.000" /><testcase classname="tests.library.test_deeplink" name="test_generate_deep_link_format" time="0.000" /><testcase classname="tests.library.test_deeplink" name="test_encode_large_state" time="0.000" /><testcase classname="tests.library.test_deeplink" name="test_validate_numeric_type_checking" time="0.000" /><testcase classname="tests.library.test_validation" name="test_validate_title_accepts_valid" time="0.000" /><testcase classname="tests.library.test_validation" name="test_validate_title_rejects_empty" time="0.000" /><testcase classname="tests.library.test_validation" name="test_validate_title_rejects_too_long" time="0.000" /><testcase classname="tests.library.test_validation" name="test_validate_title_accepts_max_length" time="0.000" /><testcase classname="tests.library.test_validation" name="test_validate_title_blocklist" time="0.000" /><testcase classname="tests.library.test_validation" name="test_validate_tags_accepts_valid" time="0.000" /><testcase classname="tests.library.test_validation" name="test_validate_tags_rejects_too_many" time="0.000" /><testcase classname="tests.library.test_validation" name="test_validate_tags_rejects_too_long" time="0.000" /><testcase classname="tests.library.test_validation" name="test_validate_tags_rejects_invalid_chars" time="0.000" /><testcase classname="tests.library.test_validation" name="test_validate_tags_accepts_alphanumeric_dash_underscore" time="0.000" /><testcase classname="tests.library.test_validation" name="test_validate_license_accepts_allowed" time="0.000" /><testcase classname="tests.library.test_validation" name="test_validate_license_rejects_unknown" time="0.000" /><testcase classname="tests.library.test_validation" name="test_validate_stl_size_accepts_small" time="0.000" /><testcase classname="tests.library.test_validation" name="test_validate_stl_size_rejects_large" time="0.003" /><testcase classname="tests.library.test_validation" name="test_validate_triangle_count_accepts_reasonable" time="0.000" /><testcase classname="tests.library.test_validation" name="test_validate_triangle_count_rejects_huge" time="0.000" /><testcase classname="tests.pfui.test_schemas" name="test_strip_alt_to_canonical_removes_legacy" time="0.000" /><testcase classname="tests.pfui.test_schemas" name="test_strip_alt_to_engine_removes_canonical" time="0.000" /><testcase classname="tests.pfui.test_schemas" name="test_both_direction_keeps_both_even_with_strip_alt" time="0.000" /><testcase classname="tests.pfui.test_schemas" name="test_unknown_keys_passthrough" time="0.000" /><testcase classname="tests.pfui.test_schemas" name="test_backward_compatibility_legacy_keys_roundtrip" time="0.000" /><testcase classname="tests.pfui.test_schemas" name="test_select_validation_in_coerce_one" time="0.000" /><testcase classname="tests.pfui.test_schemas" name="test_integrity_ok" time="0.000" /><testcase classname="tests.pfui.test_state" name="test_queue_update_deep_merge_and_apply" time="0.000" /><testcase classname="tests.pfui.test_state" name="test_queue_update_order_last_write_wins_leaf" time="0.000" /><testcase classname="tests.pfui.test_state" name="test_queue_update_merges_into_existing_nested" time="0.000" /><testcase classname="tests.pfui.test_state" name="test_reset_style_defaults_uses_schema_defaults" time="0.000" /><testcase classname="tests.pfui.test_state" name="test_reset_style_defaults_for_all_styles_covers_every_style" time="0.001" /><testcase classname="tests.pfui.test_state" name="test_apply_pending_updates_noop_when_empty" time="0.000" /><testcase classname="tests.pfui.test_state" name="test_ensure_initialized_queues_and_applies" time="0.000" /><testcase classname="tests.pfui.test_state_history" name="test_checkpoint_and_undo_redo_roundtrip" time="0.000" /><testcase classname="tests.test_app_full_preview_branch" name="test_build_mesh_kwargs_gradient_branch" time="0.000" /><testcase classname="tests.test_argmin_alignment" name="test_argmin_alignment_bridge_vs_analysis_min" time="0.001" /><testcase classname="tests.test_colors" name="test_hex_to_rgb_tuple_basic" time="0.000" /><testcase classname="tests.test_colors" name="test_interpolate_rgb_clamps" time="0.000" /><testcase classname="tests.test_colors" name="test_resolve_palette_presets" time="0.000" /><testcase classname="tests.test_colors" name="test_build_gradient_colors_monotonic" time="0.000" /><testcase classname="tests.test_colors" name="test_build_gradient_colors_custom" time="0.000" /><testcase classname="tests.test_core_geometry_coverage.TestCoreGeometryErrorHandling" name="test_build_pot_mesh_with_zero_resolution" time="0.001" /><testcase classname="tests.test_core_geometry_coverage.TestCoreGeometryErrorHandling" name="test_build_pot_mesh_extreme_wall_thickness" time="0.005" /><testcase classname="tests.test_core_geometry_coverage.TestCoreGeometryErrorHandling" name="test_build_pot_mesh_with_large_drain_hole" time="0.011" /><testcase classname="tests.test_core_geometry_coverage.TestCoreGeometryErrorHandling" name="test_build_pot_mesh_inverted_taper" time="0.009" /><testcase classname="tests.test_core_geometry_coverage.TestCoreGeometryErrorHandling" name="test_build_pot_mesh_with_very_low_expn" time="0.011" /><testcase classname="tests.test_core_geometry_coverage.TestCoreGeometryErrorHandling" name="test_build_pot_mesh_with_very_high_expn" time="0.011" /><testcase classname="tests.test_core_geometry_coverage.TestCoreGeometryCombinedFeatures" name="test_build_pot_with_all_features_combined" time="0.015" /><testcase classname="tests.test_core_geometry_coverage.TestCoreGeometryCombinedFeatures" name="test_build_pot_with_negative_bell_and_spin" time="0.016" /><testcase classname="tests.test_core_geometry_coverage.TestCoreGeometryCombinedFeatures" name="test_build_pot_with_extreme_style_parameters" time="0.012" /><testcase classname="tests.test_core_geometry_coverage.TestCoreGeometryDiagnostics" name="test_diagnostics_with_high_clamp_ratio" time="0.007" /><testcase classname="tests.test_core_geometry_coverage.TestCoreGeometryDiagnostics" name="test_diagnostics_diameter_estimates" time="0.009" /><testcase classname="tests.test_core_geometry_coverage.TestWriteAsciiStl" name="test_write_ascii_stl_creates_file" time="0.204" /><testcase classname="tests.test_core_geometry_coverage.TestWriteAsciiStl" name="test_write_ascii_stl_correct_face_count" time="0.106" /><testcase classname="tests.test_core_geometry_coverage.TestCoreGeometryBoundaryConditions" name="test_build_pot_perfectly_cylindrical" time="0.008" /><testcase classname="tests.test_core_geometry_coverage.TestCoreGeometryBoundaryConditions" name="test_build_pot_very_short" time="0.003" /><testcase classname="tests.test_core_geometry_coverage.TestCoreGeometryBoundaryConditions" name="test_build_pot_very_tall" time="0.027" /><testcase classname="tests.test_core_geometry_coverage.TestCoreGeometryBoundaryConditions" name="test_build_pot_thin_walls" time="0.009" /><testcase classname="tests.test_core_geometry_coverage.TestCoreGeometryResolutionVariations" name="test_build_pot_asymmetric_resolution" time="0.011" /><testcase classname="tests.test_core_geometry_coverage.TestCoreGeometryResolutionVariations" name="test_build_pot_high_z_resolution" time="0.018" /><testcase classname="tests.test_core_geometry_coverage.TestCoreGeometryAllStyles" name="test_all_styles_produce_valid_meshes" time="0.051" /><testcase classname="tests.test_core_geometry_coverage.TestCoreGeometryNumericalStability" name="test_build_pot_with_extreme_taper_ratio" time="0.012" /><testcase classname="tests.test_core_geometry_coverage.TestCoreGeometryNumericalStability" name="test_build_pot_with_minimal_bottom_space" time="0.009" /><testcase classname="tests.test_edgeflow_diagnostics_contract" name="test_edgeflow_diagnostics_contract" time="0.003" /><testcase classname="tests.test_edgeflow_enforcement" name="test_enforcement_invariant_latest_row" time="0.018" /><testcase classname="tests.test_edgeflow_lift_detection" name="test_detect_lift_delta_on_valley" time="0.003" /><testcase classname="tests.test_edgeflow_no_file_write" name="test_no_file_written_when_disabled" time="0.005" /><testcase classname="tests.test_edgeflow_strict" name="test_edgeflow_strict_outward_enforcement" time="0.003" /><testcase classname="tests.test_edgeflow_synthetic" name="test_edgeflow_synthetic_outward_enforcement" time="0.019" /><testcase classname="tests.test_geometry_coverage.TestBaseRadius" name="test_base_radius_zero_height" time="0.000" /><testcase classname="tests.test_geometry_coverage.TestBaseRadius" name="test_base_radius_with_flare_center" time="0.000" /><testcase classname="tests.test_geometry_coverage.TestBaseRadius" name="test_base_radius_with_bell" time="0.000" /><testcase classname="tests.test_geometry_coverage.TestBaseRadius" name="test_base_radius_with_negative_bell" time="0.000" /><testcase classname="tests.test_geometry_coverage.TestBaseRadius" name="test_base_radius_extreme_flare_sharp" time="0.000" /><testcase classname="tests.test_geometry_coverage.TestBaseRadius" name="test_base_radius_minimum_bell_width" time="0.000" /><testcase classname="tests.test_geometry_coverage.TestSpinTwist" name="test_spin_twist_no_spin" time="0.000" /><testcase classname="tests.test_geometry_coverage.TestSpinTwist" name="test_spin_twist_linear" time="0.000" /><testcase classname="tests.test_geometry_coverage.TestSpinTwist" name="test_spin_twist_with_phase" time="0.000" /><testcase classname="tests.test_geometry_coverage.TestSpinTwist" name="test_spin_twist_curved" time="0.000" /><testcase classname="tests.test_geometry_coverage.TestSuperformulaR" name="test_superformula_basic" time="0.000" /><testcase classname="tests.test_geometry_coverage.TestSuperformulaR" name="test_superformula_various_angles" time="0.000" /><testcase classname="tests.test_geometry_coverage.TestStyleFunctions" name="test_superformula_blossom_default" time="0.000" /><testcase classname="tests.test_geometry_coverage.TestStyleFunctions" name="test_superformula_blossom_custom_params" time="0.000" /><testcase classname="tests.test_geometry_coverage.TestStyleFunctions" name="test_fourier_bloom_default" time="0.000" /><testcase classname="tests.test_geometry_coverage.TestStyleFunctions" name="test_fourier_bloom_custom_harmonics" time="0.000" /><testcase classname="tests.test_geometry_coverage.TestStyleFunctions" name="test_spiral_ridges_default" time="0.000" /><testcase classname="tests.test_geometry_coverage.TestStyleFunctions" name="test_spiral_ridges_custom_params" time="0.000" /><testcase classname="tests.test_geometry_coverage.TestStyleFunctions" name="test_superellipse_morph_default" time="0.000" /><testcase classname="tests.test_geometry_coverage.TestStyleFunctions" name="test_superellipse_morph_custom_params" time="0.000" /><testcase classname="tests.test_geometry_coverage.TestStyleFunctions" name="test_harmonic_ripple_default" time="0.000" /><testcase classname="tests.test_geometry_coverage.TestStyleFunctions" name="test_harmonic_ripple_custom_params" time="0.000" /><testcase classname="tests.test_geometry_coverage.TestThetaGridCaching" name="test_theta_grid_cache" time="0.000" /><testcase classname="tests.test_geometry_coverage.TestThetaGridCaching" name="test_theta_grid_different_sizes" time="0.000" /><testcase classname="tests.test_geometry_coverage.TestBuildPotMeshEdgeCases" name="test_build_pot_with_all_styles" time="0.095" /><testcase classname="tests.test_geometry_coverage.TestBuildPotMeshEdgeCases" name="test_build_pot_with_spin" time="0.040" /><testcase classname="tests.test_geometry_coverage.TestBuildPotMeshEdgeCases" name="test_build_pot_with_flare_and_bell" time="0.039" /><testcase classname="tests.test_geometry_coverage.TestBuildPotMeshEdgeCases" name="test_build_pot_minimal_resolution" time="0.005" /><testcase classname="tests.test_geometry_coverage.TestBuildPotMeshEdgeCases" name="test_build_pot_high_resolution" time="0.140" /><testcase classname="tests.test_geometry_coverage.TestBuildPotMeshEdgeCases" name="test_build_pot_extreme_taper" time="0.039" /><testcase classname="tests.test_geometry_coverage.TestRBaseOut" name="test_r_base_out_basic" time="0.000" /><testcase classname="tests.test_geometry_coverage.TestRBaseOut" name="test_r_base_out_at_bottom" time="0.000" /><testcase classname="tests.test_geometry_coverage.TestRBaseOut" name="test_r_base_out_at_top" time="0.000" /><testcase classname="tests.test_geometry_coverage.TestDiagnostics" name="test_diagnostics_keys_present" time="0.032" /><testcase classname="tests.test_geometry_coverage.TestDiagnostics" name="test_diagnostics_values_reasonable" time="0.048" /><testcase classname="tests.test_golden_meshes.TestGoldenMeshes" name="test_simple_pot_deterministic" time="0.025" /><testcase classname="tests.test_golden_meshes.TestGoldenMeshes" name="test_superformula_blossom_golden_metrics" time="0.052" /><testcase classname="tests.test_golden_meshes.TestGoldenMeshes" name="test_style_produces_consistent_mesh[SuperformulaBlossom]" time="0.023" /><testcase classname="tests.test_golden_meshes.TestGoldenMeshes" name="test_style_produces_consistent_mesh[FourierBloom]" time="0.032" /><testcase classname="tests.test_golden_meshes.TestGoldenMeshes" name="test_style_produces_consistent_mesh[SpiralRidges]" time="0.025" /><testcase classname="tests.test_golden_meshes.TestGoldenMeshes" name="test_style_produces_consistent_mesh[SuperellipseMorph]" time="0.028" /><testcase classname="tests.test_golden_meshes.TestGoldenMeshes" name="test_style_produces_consistent_mesh[HarmonicRipple]" time="0.026" /><testcase classname="tests.test_golden_meshes.TestGoldenMeshes" name="test_parameter_changes_affect_mesh" time="0.028" /><testcase classname="tests.test_golden_meshes.TestMeshProperties" name="test_mesh_is_watertight" time="0.079" /><testcase classname="tests.test_golden_meshes.TestMeshProperties" name="test_mesh_has_consistent_normals" time="0.033" /><testcase classname="tests.test_golden_meshes.TestMeshProperties" name="test_mesh_vertices_within_bounds" time="0.018" /><testcase classname="tests.test_golden_meshes.TestStyleSpecificGoldens" name="test_fourier_bloom_with_options" time="0.032" /><testcase classname="tests.test_golden_meshes.TestStyleSpecificGoldens" name="test_spiral_ridges_with_twist" time="0.027" /><testcase classname="tests.test_integration_binary_stl" name="test_end_to_end_export_workflow" time="0.014" /><testcase classname="tests.test_integration_binary_stl" name="test_no_warnings_for_binary_stl" time="0.008" /><testcase classname="tests.test_integration_binary_stl" name="test_multiple_styles_all_use_binary" time="0.014" /><testcase classname="tests.test_integration_binary_stl" name="test_binary_stl_performance_benchmark" time="0.026" /><testcase classname="tests.test_lowpolyfacet_cuts_behavior" name="test_lowpolyfacet_cuts_do_not_extend_near_seams" time="0.001" /><testcase classname="tests.test_lowpolyfacet_settings" name="test_cuts_reduce_radius_only_near_seam" time="0.001" /><testcase classname="tests.test_lowpolyfacet_settings" name="test_facet_count_changes_peak_count" time="0.000" /><testcase classname="tests.test_lowpolyfacet_settings" name="test_amp_scales_modulation_depth" time="0.000" /><testcase classname="tests.test_lowpolyfacet_settings" name="test_bevel_softens_theta_gradient" time="0.000" /><testcase classname="tests.test_lowpolyfacet_settings" name="test_phase_rotation_equivalence" time="0.001" /><testcase classname="tests.test_lowpolyfacet_settings" name="test_jitter_offsets_adjacent_tiers" time="0.001" /><testcase classname="tests.test_lowpolyfacet_settings" name="test_uniform_ring_flattens_band_without_outward_growth" time="0.001" /><testcase classname="tests.test_lowpolyfacet_settings" name="test_diagonal_smoothing_flag_does_not_change_rf_lpf" time="0.000" /><testcase classname="tests.test_lowpolyfacet_settings" name="test_seam_anti_alias_reduces_micro_oscillations" time="0.001" /><testcase classname="tests.test_lowpolyfacet_settings" name="test_outward_mode_with_cuts_prevents_outward_growth_in_band" time="0.001" /><testcase classname="tests.test_lowpolyfacet_settings" name="test_perf_budget_lpf_heavy_vs_baseline_ratio" time="0.174" /><testcase classname="tests.test_lowpolyfacet_settings" name="test_edge_trim_cuts_near_facet_boundaries_only" time="0.001" /><testcase classname="tests.test_lowpolyfacet_settings" name="test_straight_smooth_mode_reduces_peaks_without_flat_plateau" time="0.001" /><testcase classname="tests.test_lowpolyfacet_settings" name="test_straight_edge_toggle_changes_plateauing" time="0.001" /><testcase classname="tests.test_lowpolyfacet_settings" name="test_cut_softness_mm_controls_crispness" time="0.001" /><testcase classname="tests.test_lowpolyfacet_settings" name="test_cut_window_frac_localizes_effect" time="0.001" /><testcase classname="tests.test_lowpolyfacet_settings" name="test_uniform_ring_localize_reduces_band_wide_flattening" time="0.001" /><testcase classname="tests.test_lowpolyfacet_settings" name="test_edge_trim_sharpness_concentrates_at_edges" time="0.001" /><testcase classname="tests.test_lowpolyfacet_settings" name="test_edge_solidify_reduces_micro_oscillations_without_flattening" time="0.001" /><testcase classname="tests.test_lowpolyfacet_settings" name="test_print_safe_mode_narrows_window_and_cap" time="0.001" /><testcase classname="tests.test_lowpolyfacet_settings" name="test_seam_sampling_boost_does_not_change_rf" time="0.000" /><testcase classname="tests.test_lowpolyfacet_settings" name="test_seam_lock_strength_does_not_change_rf" time="0.000" /><testcase classname="tests.test_lowpolyfacet_settings" name="test_facet_direction_outward_vs_inward_envelopes" time="0.000" /><testcase classname="tests.test_lowpolyfacet_settings" name="test_cut_depth_fraction_limits_vs_cap_under_flare" time="0.001" /><testcase classname="tests.test_lowpolyfacet_settings" name="test_uniform_ring_lock_and_blend_sweep_behavior" time="0.001" /><testcase classname="tests.test_lowpolyfacet_settings" name="test_print_safe_with_outward_mode_keeps_growth_guarded" time="0.001" /><testcase classname="tests.test_lowpolyfacet_settings" name="test_cut_depth_fraction_under_true_flare_mesh_based" time="0.094" /><testcase classname="tests.test_lowpolyfacet_settings" name="test_uniform_ring_param_monotonic_sweep" time="0.001" /><testcase classname="tests.test_lowpolyfacet_straight_edges" name="test_straight_seam_edges_plateau_matches_expected_limit" time="0.001" /><testcase classname="tests.test_lowpolyfacet_straight_edges" name="test_uniform_ring_does_not_extend_outward" time="0.001" /><testcase classname="tests.test_lowpolyfacet_straight_edges" name="test_uniform_ring_outward_mode_remains_inward" time="0.002" /><testcase classname="tests.test_mesh_effects" name="test_twist_changes_mesh" time="0.011" /><testcase classname="tests.test_mesh_effects" name="test_flare_changes_mesh" time="0.011" /><testcase classname="tests.test_performance.TestMeshGenerationPerformance" name="test_typical_resolution_performance" time="0.174" /><testcase classname="tests.test_performance.TestMeshGenerationPerformance" name="test_low_resolution_performance" time="0.073" /><testcase classname="tests.test_performance.TestMeshGenerationPerformance" name="test_high_resolution_performance" time="0.401" /><testcase classname="tests.test_performance.TestStylePerformance" name="test_style_performance[SuperformulaBlossom]" time="0.174" /><testcase classname="tests.test_performance.TestStylePerformance" name="test_style_performance[FourierBloom]" time="0.253" /><testcase classname="tests.test_performance.TestStylePerformance" name="test_style_performance[SpiralRidges]" time="0.199" /><testcase classname="tests.test_performance.TestStylePerformance" name="test_style_performance[SuperellipseMorph]" time="0.228" /><testcase classname="tests.test_performance.TestStylePerformance" name="test_style_performance[HarmonicRipple]" time="0.208" /><testcase classname="tests.test_performance.TestSTLExportPerformance" name="test_binary_stl_write_performance" time="0.334" /><testcase classname="tests.test_performance.TestSTLExportPerformance" name="test_large_mesh_export_performance" time="0.612" /><testcase classname="tests.test_performance.TestEndToEndPerformance" name="test_complete_workflow_performance" time="0.354" /><testcase classname="tests.test_performance.TestMemoryEfficiency" name="test_mesh_size_scaling" time="0.069" /><testcase classname="tests.test_performance.TestCachingEffectiveness" name="test_theta_grid_caching" time="0.000" /><testcase classname="tests.test_preview_adversarial" name="test_vectorized_style_fallback_reported" time="0.002" /><testcase classname="tests.test_preview_adversarial" name="test_nonfinite_style_sanitized" time="0.001" /><testcase classname="tests.test_preview_adversarial" name="test_render_preview_png_cached_with_broken_style" time="0.113" /><testcase classname="tests.test_preview_adversarial_more" name="test_vectorized_failure_but_scalar_success_reports_info" time="0.001" /><testcase classname="tests.test_preview_adversarial_more" name="test_vectorized_inconsistent_shape_causes_scalar_fallback" time="0.001" /><testcase classname="tests.test_preview_cache_shim" name="test_preview_import_with_non_callable_cache" time="0.020" /><testcase classname="tests.test_preview_full_resolution" name="test_make_preview_arrays_full_resolution_returns_expected_shape_and_finite" time="0.002" /><testcase classname="tests.test_preview_full_resolution" name="test_render_preview_png_cached_full_resolution_returns_bytes" time="0.245" /><testcase classname="tests.test_preview_full_resolution_strict" name="test_full_resolution_exact_shape" time="0.001" /><testcase classname="tests.test_preview_fuzz" name="test_fuzz_many_adversarial_styles" time="0.269" /><testcase classname="tests.test_preview_inner_wall_behavior" name="test_render_preview_png_cached_with_numpy_scalar_inner_wall" time="0.109" /><testcase classname="tests.test_preview_inner_wall_behavior" name="test_render_preview_png_cached_with_numpy_array_inner_wall" time="0.183" /><testcase classname="tests.test_preview_snapshot" name="test_render_mesh_snapshot_cached_returns_png_bytes" time="0.632" /><testcase classname="tests.test_property_based" name="test_property_mesh_is_watertight" time="1.248" /><testcase classname="tests.test_property_based" name="test_property_face_normals_point_outward" time="6.841" /><testcase classname="tests.test_property_based" name="test_property_no_degenerate_triangles" time="4.871" /><testcase classname="tests.test_property_based" name="test_property_diameter_estimates_within_bounds" time="0.542" /><testcase classname="tests.test_property_based" name="test_property_state_encoding_roundtrip" time="0.059" /><testcase classname="tests.test_property_based" name="test_property_yaml_configuration_roundtrip" time="0.060" /><testcase classname="tests.test_property_based" name="test_property_volume_increases_with_diameter" time="12.938" /><testcase classname="tests.test_property_based" name="test_property_all_styles_produce_valid_meshes" time="0.199" /><testcase classname="tests.test_property_based" name="test_property_height_matches_mesh_bounds" time="0.154" /><testcase classname="tests.test_property_based" name="test_property_mesh_size_scales_with_resolution" time="0.218" /><testcase classname="tests.test_regressions" name="test_superformula_blossom_neutral_strength_vector_and_scalar" time="0.000" /><testcase classname="tests.test_regressions" name="test_build_pot_mesh_diagnostics_match_input_diameters_when_neutral" time="0.003" /><testcase classname="tests.test_schema_coverage.TestMeshQualityModel" name="test_mesh_quality_defaults" time="0.000" /><testcase classname="tests.test_schema_coverage.TestMeshQualityModel" name="test_mesh_quality_custom_values" time="0.000" /><testcase classname="tests.test_schema_coverage.TestMeshQualityModel" name="test_mesh_quality_minimum_values" time="0.000" /><testcase classname="tests.test_schema_coverage.TestMeshQualityModel" name="test_mesh_quality_maximum_values" time="0.000" /><testcase classname="tests.test_schema_coverage.TestMeshQualityModel" name="test_mesh_quality_rejects_too_low_theta" time="0.000" /><testcase classname="tests.test_schema_coverage.TestMeshQualityModel" name="test_mesh_quality_rejects_too_high_theta" time="0.000" /><testcase classname="tests.test_schema_coverage.TestMeshQualityModel" name="test_mesh_quality_rejects_too_low_z" time="0.000" /><testcase classname="tests.test_schema_coverage.TestMeshQualityModel" name="test_mesh_quality_rejects_too_high_z" time="0.000" /><testcase classname="tests.test_schema_coverage.TestMeshQualityModel" name="test_mesh_quality_rejects_extra_fields" time="0.000" /><testcase classname="tests.test_schema_coverage.TestDefaultsModel" name="test_defaults_model_defaults" time="0.000" /><testcase classname="tests.test_schema_coverage.TestDefaultsModel" name="test_defaults_model_custom_values" time="0.000" /><testcase classname="tests.test_schema_coverage.TestDefaultsModel" name="test_defaults_model_rejects_negative_height" time="0.000" /><testcase classname="tests.test_schema_coverage.TestDefaultsModel" name="test_defaults_model_rejects_zero_wall" time="0.000" /><testcase classname="tests.test_schema_coverage.TestDefaultsModel" name="test_defaults_model_rejects_extra_fields" time="0.000" /><testcase classname="tests.test_schema_coverage.TestPartialDefaultsModel" name="test_partial_defaults_all_none" time="0.000" /><testcase classname="tests.test_schema_coverage.TestPartialDefaultsModel" name="test_partial_defaults_some_values" time="0.000" /><testcase classname="tests.test_schema_coverage.TestPartialDefaultsModel" name="test_partial_defaults_all_values" time="0.000" /><testcase classname="tests.test_schema_coverage.TestPartialDefaultsModel" name="test_partial_defaults_rejects_negative_values" time="0.000" /><testcase classname="tests.test_schema_coverage.TestRecipeModel" name="test_recipe_with_style" time="0.000" /><testcase classname="tests.test_schema_coverage.TestRecipeModel" name="test_recipe_with_use_preset" time="0.000" /><testcase classname="tests.test_schema_coverage.TestRecipeModel" name="test_recipe_with_size_and_opts" time="0.000" /><testcase classname="tests.test_schema_coverage.TestRecipeModel" name="test_recipe_rejects_neither_style_nor_use" time="0.000" /><testcase classname="tests.test_schema_coverage.TestRecipeModel" name="test_recipe_rejects_both_style_and_use" time="0.000" /><testcase classname="tests.test_schema_coverage.TestRecipeModel" name="test_recipe_default_opts_empty" time="0.000" /><testcase classname="tests.test_schema_coverage.TestRecipeModel" name="test_recipe_rejects_extra_fields" time="0.000" /><testcase classname="tests.test_schema_coverage.TestPresetModel" name="test_preset_basic" time="0.000" /><testcase classname="tests.test_schema_coverage.TestPresetModel" name="test_preset_with_size" time="0.000" /><testcase classname="tests.test_schema_coverage.TestPresetModel" name="test_preset_with_opts" time="0.000" /><testcase classname="tests.test_schema_coverage.TestPresetModel" name="test_preset_rejects_extra_fields" time="0.000" /><testcase classname="tests.test_schema_coverage.TestConfigV2" name="test_config_v2_minimal" time="0.000" /><testcase classname="tests.test_schema_coverage.TestConfigV2" name="test_config_v2_with_defaults" time="0.000" /><testcase classname="tests.test_schema_coverage.TestConfigV2" name="test_config_v2_custom_mesh_quality" time="0.000" /><testcase classname="tests.test_schema_coverage.TestConfigV2" name="test_config_v2_custom_defaults" time="0.000" /><testcase classname="tests.test_schema_coverage.TestConfigV2" name="test_config_v2_with_presets" time="0.000" /><testcase classname="tests.test_schema_coverage.TestConfigV2" name="test_config_v2_with_multiple_recipes" time="0.000" /><testcase classname="tests.test_schema_coverage.TestConfigV2" name="test_config_v2_version_must_be_2" time="0.000" /><testcase classname="tests.test_schema_coverage.TestConfigV2" name="test_config_v2_rejects_wrong_version" time="0.000" /><testcase classname="tests.test_schema_coverage.TestConfigV2" name="test_config_v2_custom_outdir" time="0.000" /><testcase classname="tests.test_schema_coverage.TestConfigV2" name="test_config_v2_make_zip_option" time="0.000" /><testcase classname="tests.test_schema_coverage.TestConfigV2" name="test_config_v2_save_previews_false" time="0.000" /><testcase classname="tests.test_schema_coverage.TestConfigV2" name="test_config_v2_rejects_extra_fields" time="0.000" /><testcase classname="tests.test_schema_coverage.TestDeepMerge" name="test_deep_merge_empty_dicts" time="0.000" /><testcase classname="tests.test_schema_coverage.TestDeepMerge" name="test_deep_merge_none_values" time="0.000" /><testcase classname="tests.test_schema_coverage.TestDeepMerge" name="test_deep_merge_simple_dicts" time="0.000" /><testcase classname="tests.test_schema_coverage.TestDeepMerge" name="test_deep_merge_nested_dicts" time="0.000" /><testcase classname="tests.test_schema_coverage.TestDeepMerge" name="test_deep_merge_deeply_nested" time="0.000" /><testcase classname="tests.test_schema_coverage.TestDeepMerge" name="test_deep_merge_overwrites_non_dict" time="0.000" /><testcase classname="tests.test_schema_coverage.TestDeepMerge" name="test_deep_merge_mixed_types" time="0.000" /><testcase classname="tests.test_schema_coverage.TestDeepMerge" name="test_deep_merge_preserves_original" time="0.000" /><testcase classname="tests.test_schema_coverage.TestCoercePartialDefaults" name="test_coerce_none_returns_none" time="0.000" /><testcase classname="tests.test_schema_coverage.TestCoercePartialDefaults" name="test_coerce_empty_dict_returns_none" time="0.000" /><testcase classname="tests.test_schema_coverage.TestCoercePartialDefaults" name="test_coerce_valid_dict_returns_model" time="0.000" /><testcase classname="tests.test_schema_coverage.TestCoercePartialDefaults" name="test_coerce_dict_with_all_fields" time="0.000" /><testcase classname="tests.test_sf_blossom_mad_spike_clip_regression" name="test_superformula_blossom_mad_and_spike_clip_builds_mesh" time="0.388" /><testcase classname="tests.test_stl_binary" name="test_binary_stl_header_and_count" time="0.003" /><testcase classname="tests.test_stl_migration" name="test_binary_stl_is_default_export" time="0.000" /><testcase classname="tests.test_stl_migration" name="test_ascii_stl_shows_deprecation_warning" time="0.001" /><testcase classname="tests.test_stl_migration" name="test_binary_stl_no_warnings" time="0.002" /><testcase classname="tests.test_stl_migration" name="test_binary_vs_ascii_file_size" time="0.002" /><testcase classname="tests.test_stl_migration" name="test_both_formats_produce_valid_stl_files" time="0.002" /><testcase classname="tests.test_stl_migration" name="test_binary_stl_api_documentation" time="0.000" /><testcase classname="tests.test_stl_migration" name="test_migration_path_documented" time="0.000" /><testcase classname="tests.test_styles_and_parity" name="test_styles_are_tuples_and_callable" time="0.000" /><testcase classname="tests.test_styles_and_parity" name="test_mesh_build_smoke" time="0.057" /><testcase classname="tests.test_styles_vectorization" name="test_all_styles_vectorized_at_full_resolution" time="0.015" /><testcase classname="tests.test_superformula_blossom_settings" name="test_perf_budget_blossom_filters_vs_baseline" time="0.052" /><testcase classname="tests.test_superformula_blossom_settings" name="test_peak_snap_lifts_valleys_without_raising_peaks" time="0.001" /><testcase classname="tests.test_superformula_blossom_settings" name="test_strength_blend_behavior" time="0.001" /><testcase classname="tests.test_superformula_blossom_settings" name="test_m_top_increases_petal_count_with_height" time="0.001" /><testcase classname="tests.test_superformula_blossom_settings" name="test_filters_respect_zero_strength_identity" time="0.000" /><testcase classname="tests.test_superformula_blossom_settings" name="test_m_curve_exp_biases_top_vs_bottom_lobes" time="0.001" /><testcase classname="tests.test_superformula_blossom_settings" name="test_edge_sharp_monotonic_spread_increase" time="0.001" /><testcase classname="tests.test_superformula_blossom_settings" name="test_n_top_changes_shape_with_height" time="0.001" /><testcase classname="tests.test_superformula_blossom_settings" name="test_a_b_asymmetry_changes_pattern" time="0.001" /><testcase classname="tests.test_superformula_blossom_settings" name="test_solidify_protection_controls_reduction" time="0.012" /><testcase classname="tests.test_superformula_blossom_settings" name="test_auto_tame_triggers_on_high_strength" time="0.001" /><testcase classname="tests.test_superformula_blossom_settings" name="test_spike_clip_quantile_reduces_top_quantiles_only" time="0.001" /><testcase classname="tests.test_superformula_blossom_settings" name="test_spike_mad_clipping_is_peak_only_and_robust" time="0.001" /><testcase classname="tests.test_superformula_blossom_settings" name="test_spike_mad_rim_boost_strengthens_effect_near_rim" time="0.001" /><testcase classname="tests.test_superformula_blossom_settings" name="test_edge_solidify_reduces_micro_jaggies_preserving_edges" time="0.006" /><testcase classname="tests.test_superformula_blossom_settings" name="test_edge_tame_saturates_extreme_peaks" time="0.001" /><testcase classname="tests.test_superformula_blossom_settings" name="test_edge_sharp_increases_contrast_without_exceeding_bounds" time="0.001" /><testcase classname="tests.test_superformula_blossom_settings" name="test_diagonal_smoothing_flag_does_not_change_rf" time="0.001" /><testcase classname="tests.test_superformula_blossom_settings" name="test_combined_spike_clip_and_mad_dont_duplicate_overclip" time="0.002" /><testcase classname="tests.test_twist_effectiveness" name="test_twist_changes_geometry" time="0.019" /><testcase classname="tests.test_ux_coverage.TestDeeplinkUX" name="test_encode_decode_roundtrip_basic" time="0.000" /><testcase classname="tests.test_ux_coverage.TestDeeplinkUX" name="test_encode_produces_url_safe_string" time="0.000" /><testcase classname="tests.test_ux_coverage.TestDeeplinkUX" name="test_validate_state_accepts_valid_params" time="0.000" /><testcase classname="tests.test_ux_coverage.TestDeeplinkUX" name="test_validate_state_rejects_out_of_range" time="0.000" /><testcase classname="tests.test_ux_coverage.TestDeeplinkUX" name="test_validate_state_unknown_style" time="0.000" /><testcase classname="tests.test_ux_coverage.TestDeeplinkUX" name="test_apply_state_updates_session" time="0.000" /><testcase classname="tests.test_ux_coverage.TestColorUtilities" name="test_hex_to_rgb_tuple_basic" time="0.000" /><testcase classname="tests.test_ux_coverage.TestColorUtilities" name="test_hex_to_rgb_tuple_without_hash" time="0.000" /><testcase classname="tests.test_ux_coverage.TestColorUtilities" name="test_hex_to_rgb_tuple_lowercase" time="0.000" /><testcase classname="tests.test_ux_coverage.TestColorUtilities" name="test_interpolate_rgb_midpoint" time="0.000" /><testcase classname="tests.test_ux_coverage.TestColorUtilities" name="test_interpolate_rgb_extremes" time="0.000" /><testcase classname="tests.test_ux_coverage.TestColorUtilities" name="test_interpolate_rgb_clamps_values" time="0.000" /><testcase classname="tests.test_ux_coverage.TestColorUtilities" name="test_resolve_palette_named" time="0.000" /><testcase classname="tests.test_ux_coverage.TestColorUtilities" name="test_resolve_palette_custom_colors" time="0.000" /><testcase classname="tests.test_ux_coverage.TestColorUtilities" name="test_build_gradient_colors_basic" time="0.000" /><testcase classname="tests.test_ux_coverage.TestColorUtilities" name="test_build_gradient_colors_monotonic" time="0.000" /><testcase classname="tests.test_ux_coverage.TestImportUtilities" name="test_imports_available" time="0.000" /><testcase classname="tests.test_ux_coverage.TestImportUtilities" name="test_styles_dict_populated" time="0.000" /><testcase classname="tests.test_ux_coverage.TestImportUtilities" name="test_build_pot_mesh_callable" time="0.000" /><testcase classname="tests.test_ux_coverage.TestImportUtilities" name="test_write_stl_binary_available" time="0.000" /><testcase classname="tests.test_ux_coverage.TestSchemaHelpers" name="test_schemas_exist" time="0.000" /><testcase classname="tests.test_ux_coverage.TestSchemaHelpers" name="test_state_management_exists" time="0.000" /><testcase classname="tests.test_ux_coverage.TestDeeplinkEdgeCases" name="test_decode_invalid_base64" time="0.000" /><testcase classname="tests.test_ux_coverage.TestDeeplinkEdgeCases" name="test_encode_empty_state" time="0.000" /><testcase classname="tests.test_ux_coverage.TestDeeplinkEdgeCases" name="test_encode_large_state" time="0.000" /><testcase classname="tests.test_ux_coverage.TestDeeplinkEdgeCases" name="test_validate_state_with_numeric_type_checking" time="0.000" /><testcase classname="tests.test_ux_coverage.TestColorEdgeCases" name="test_hex_to_rgb_invalid_format" time="0.000" /><testcase classname="tests.test_ux_coverage.TestColorEdgeCases" name="test_interpolate_rgb_negative_t" time="0.000" /><testcase classname="tests.test_ux_coverage.TestColorEdgeCases" name="test_interpolate_rgb_t_greater_than_1" time="0.000" /><testcase classname="tests.test_ux_coverage.TestColorEdgeCases" name="test_build_gradient_zero_steps" time="0.000" /><testcase classname="tests.test_ux_coverage.TestColorEdgeCases" name="test_build_gradient_single_step" time="0.000" /><testcase classname="tests.test_ux_coverage.TestUXIntegration" name="test_deeplink_workflow_complete" time="0.000" /><testcase classname="tests.test_ux_coverage.TestUXIntegration" name="test_color_palette_workflow" time="0.000" /><testcase classname="tests.test_version" name="test_version_exists" time="0.000" /><testcase classname="tests.test_version" name="test_version_format" time="0.000" /><testcase classname="tests.test_version" name="test_version_value" time="0.000" /><testcase classname="tests.test_version" name="test_version_in_all" time="0.000" /><testcase classname="tests.test_windows_export_path" name="test_writer_path_ok" time="0.002" /><testcase classname="tests.test_yaml_api_coverage.TestLoadConfig" name="test_load_config_v2" time="0.001" /><testcase classname="tests.test_yaml_api_coverage.TestLoadConfig" name="test_load_config_v1_migration" time="0.001" /><testcase classname="tests.test_yaml_api_coverage.TestLoadConfig" name="test_load_config_no_version_defaults_to_v1" time="0.001" /><testcase classname="tests.test_yaml_api_coverage.TestLoadConfig" name="test_load_config_unsupported_version" time="0.001" /><testcase classname="tests.test_yaml_api_coverage.TestLoadConfig" name="test_load_config_empty_file" time="0.001" /><testcase classname="tests.test_yaml_api_coverage.TestValidateRecipe" name="test_validate_recipe_missing_name" time="0.000" /><testcase classname="tests.test_yaml_api_coverage.TestValidateRecipe" name="test_validate_recipe_both_style_and_use" time="0.000" /><testcase classname="tests.test_yaml_api_coverage.TestValidateRecipe" name="test_validate_recipe_unknown_preset" time="0.000" /><testcase classname="tests.test_yaml_api_coverage.TestValidateRecipe" name="test_validate_recipe_no_style" time="0.000" /><testcase classname="tests.test_yaml_api_coverage.TestValidateRecipe" name="test_validate_recipe_unknown_style" time="0.000" /><testcase classname="tests.test_yaml_api_coverage.TestValidateRecipe" name="test_validate_recipe_invalid_size_parameter" time="0.000" /><testcase classname="tests.test_yaml_api_coverage.TestValidateRecipe" name="test_validate_recipe_valid" time="0.000" /><testcase classname="tests.test_yaml_api_coverage.TestRealizeRecipe" name="test_realize_recipe_simple" time="0.000" /><testcase classname="tests.test_yaml_api_coverage.TestRealizeRecipe" name="test_realize_recipe_with_preset" time="0.000" /><testcase classname="tests.test_yaml_api_coverage.TestRealizeRecipe" name="test_realize_recipe_overrides_preset" time="0.000" /><testcase classname="tests.test_yaml_api_coverage.TestRealizeRecipe" name="test_realize_recipe_with_opts" time="0.000" /><testcase classname="tests.test_yaml_api_coverage.TestRealizeRecipe" name="test_realize_recipe_no_style_raises" time="0.000" /><testcase classname="tests.test_yaml_api_coverage.TestBuildFromYaml" name="test_build_from_yaml_no_recipes" time="0.001" /><testcase classname="tests.test_yaml_api_coverage.TestBuildFromYaml" name="test_build_from_yaml_invalid_recipe" time="0.001" /><testcase classname="tests.test_yaml_api_coverage.TestBuildFromYaml" name="test_build_from_yaml_single_recipe" time="0.125" /><testcase classname="tests.test_yaml_api_coverage.TestBuildFromYaml" name="test_build_from_yaml_multiple_recipes" time="0.355" /><testcase classname="tests.test_yaml_api_coverage.TestBuildFromYaml" name="test_build_from_yaml_only_names_filter" time="0.230" /><testcase classname="tests.test_yaml_api_coverage.TestBuildFromYaml" name="test_build_from_yaml_with_manifest" time="0.126" /><testcase classname="tests.test_yaml_api_coverage.TestBuildFromYaml" name="test_build_from_yaml_configv2" time="0.115" /><testcase classname="tests.test_yaml_api_coverage.TestPresetResolution" name="test_preset_with_size_override" time="0.124" /><testcase classname="tests.test_yaml_api_coverage.TestPresetResolution" name="test_preset_with_opts" time="0.126" /><testcase classname="tests.test_yaml_api_coverage.TestEdgeCases" name="test_empty_recipe_name" time="0.000" /><testcase classname="tests.test_yaml_api_coverage.TestEdgeCases" name="test_recipe_with_all_size_parameters" time="0.000" /><testcase classname="tests.test_yaml_api_coverage.TestEdgeCases" name="test_mixed_size_parameter_types" time="0.000" /><testcase classname="tests.tools.test_debug_print_probe" name="test_get_build_pot_mesh_callable" time="0.000" /><testcase classname="tests.typing.test_schemas_smoke" name="test_schemas_accessors_importable" time="0.000" /></testsuite></testsuites>
